<?xml version="1.0" encoding="UTF-8"?>
<robot generator="Robot 3.2.2 (Python 3.7.8 on win32)" generated="20201028 08:36:43.209" rpa="false">
<suite id="s1" name="TestSuite1" source="C:\Users\tvries\Eclips\Workspace\Eclipse2020-09\RobotProject1\test\TestSuite1.robot">
<kw name="Log" library="BuiltIn" type="setup">
<doc>Logs the given message with the given level.</doc>
<arguments>
<arg>I am inside Test Suite Setup</arg>
</arguments>
<msg timestamp="20201028 08:36:44.333" level="INFO">I am inside Test Suite Setup</msg>
<status status="PASS" starttime="20201028 08:36:44.333" endtime="20201028 08:36:44.333"></status>
</kw>
<test id="s1-t1" name="MyFirstTest">
<kw name="Log" library="BuiltIn" type="setup">
<doc>Logs the given message with the given level.</doc>
<arguments>
<arg>I am inside Test Setup</arg>
</arguments>
<msg timestamp="20201028 08:36:44.334" level="INFO">I am inside Test Setup</msg>
<status status="PASS" starttime="20201028 08:36:44.334" endtime="20201028 08:36:44.334"></status>
</kw>
<kw name="Log" library="BuiltIn">
<doc>Logs the given message with the given level.</doc>
<arguments>
<arg>Hello World...</arg>
</arguments>
<msg timestamp="20201028 08:36:44.335" level="INFO">Hello World...</msg>
<status status="PASS" starttime="20201028 08:36:44.335" endtime="20201028 08:36:44.335"></status>
</kw>
<kw name="Log" library="BuiltIn" type="teardown">
<doc>Logs the given message with the given level.</doc>
<arguments>
<arg>I am inside Test Teardown</arg>
</arguments>
<msg timestamp="20201028 08:36:44.336" level="INFO">I am inside Test Teardown</msg>
<status status="PASS" starttime="20201028 08:36:44.336" endtime="20201028 08:36:44.336"></status>
</kw>
<tags>
<tag>smoke</tag>
</tags>
<status status="PASS" starttime="20201028 08:36:44.334" endtime="20201028 08:36:44.336" critical="yes"></status>
</test>
<test id="s1-t2" name="MySecondTest">
<kw name="Log" library="BuiltIn" type="setup">
<doc>Logs the given message with the given level.</doc>
<arguments>
<arg>I am inside Test Setup</arg>
</arguments>
<msg timestamp="20201028 08:36:44.338" level="INFO">I am inside Test Setup</msg>
<status status="PASS" starttime="20201028 08:36:44.338" endtime="20201028 08:36:44.338"></status>
</kw>
<kw name="Log" library="BuiltIn">
<doc>Logs the given message with the given level.</doc>
<arguments>
<arg>I am inside 2nd test</arg>
</arguments>
<msg timestamp="20201028 08:36:44.338" level="INFO">I am inside 2nd test</msg>
<status status="PASS" starttime="20201028 08:36:44.338" endtime="20201028 08:36:44.339"></status>
</kw>
<kw name="Set Tags" library="BuiltIn">
<doc>Adds given ``tags`` for the current test or all tests in a suite.</doc>
<arguments>
<arg>regression1</arg>
</arguments>
<msg timestamp="20201028 08:36:44.339" level="INFO">Set tag 'regression1'.</msg>
<status status="PASS" starttime="20201028 08:36:44.339" endtime="20201028 08:36:44.339"></status>
</kw>
<kw name="Remove Tags" library="BuiltIn">
<doc>Removes given ``tags`` from the current test or all tests in a suite.</doc>
<arguments>
<arg>regression1</arg>
</arguments>
<msg timestamp="20201028 08:36:44.340" level="INFO">Removed tag 'regression1'.</msg>
<status status="PASS" starttime="20201028 08:36:44.339" endtime="20201028 08:36:44.340"></status>
</kw>
<kw name="Log" library="BuiltIn" type="teardown">
<doc>Logs the given message with the given level.</doc>
<arguments>
<arg>I am inside Test Teardown</arg>
</arguments>
<msg timestamp="20201028 08:36:44.340" level="INFO">I am inside Test Teardown</msg>
<status status="PASS" starttime="20201028 08:36:44.340" endtime="20201028 08:36:44.340"></status>
</kw>
<tags>
<tag>example</tag>
</tags>
<status status="PASS" starttime="20201028 08:36:44.337" endtime="20201028 08:36:44.341" critical="yes"></status>
</test>
<test id="s1-t3" name="MyThirdTest">
<kw name="Log" library="BuiltIn" type="setup">
<doc>Logs the given message with the given level.</doc>
<arguments>
<arg>I am inside Test Setup</arg>
</arguments>
<msg timestamp="20201028 08:36:44.347" level="INFO">I am inside Test Setup</msg>
<status status="PASS" starttime="20201028 08:36:44.347" endtime="20201028 08:36:44.347"></status>
</kw>
<kw name="Log" library="BuiltIn">
<doc>Logs the given message with the given level.</doc>
<arguments>
<arg>I am inside 3rd test</arg>
</arguments>
<msg timestamp="20201028 08:36:44.347" level="INFO">I am inside 3rd test</msg>
<status status="PASS" starttime="20201028 08:36:44.347" endtime="20201028 08:36:44.348"></status>
</kw>
<kw name="Log" library="BuiltIn" type="teardown">
<doc>Logs the given message with the given level.</doc>
<arguments>
<arg>I am inside Test Teardown</arg>
</arguments>
<msg timestamp="20201028 08:36:44.348" level="INFO">I am inside Test Teardown</msg>
<status status="PASS" starttime="20201028 08:36:44.348" endtime="20201028 08:36:44.348"></status>
</kw>
<tags>
<tag>sanity</tag>
</tags>
<status status="PASS" starttime="20201028 08:36:44.343" endtime="20201028 08:36:44.348" critical="yes"></status>
</test>
<kw name="Log" library="BuiltIn" type="teardown">
<doc>Logs the given message with the given level.</doc>
<arguments>
<arg>I am inside Test Suite Teardown</arg>
</arguments>
<msg timestamp="20201028 08:36:44.350" level="INFO">I am inside Test Suite Teardown</msg>
<status status="PASS" starttime="20201028 08:36:44.350" endtime="20201028 08:36:44.350"></status>
</kw>
<status status="PASS" starttime="20201028 08:36:43.216" endtime="20201028 08:36:44.350"></status>
</suite>
<statistics>
<total>
<stat pass="3" fail="0">Critical Tests</stat>
<stat pass="3" fail="0">All Tests</stat>
</total>
<tag>
<stat pass="1" fail="0">example</stat>
<stat pass="1" fail="0">sanity</stat>
<stat pass="1" fail="0">smoke</stat>
</tag>
<suite>
<stat pass="3" fail="0" id="s1" name="TestSuite1">TestSuite1</stat>
</suite>
</statistics>
<errors>
</errors>
</robot>
